error: info de endpoint /logger
fatal: info de endpoint /logger
error: undefined
error: undefined
error: undefined
error: undefined
error: error de endpoint /logger
fatal: fatal de endpoint /logger
error: undefined {"cause":"One or more properties are incorrect or invalid:\n    * email : need to be a string, we recived ian@gmai\n    * password : need to be a string, we recived undefined\n    ","code":1,"name":"User creation error"}
error: undefined
error: undefined
error: undefined
error: undefined {"code":"ERR_HTTP_HEADERS_SENT"}
error: undefined
error: undefined
error: undefined
error: undefined
error: undefined {"kind":"ObjectId","path":"_id","reason":{},"stringValue":"\"PONER ID AQUI\"","value":"PONER ID AQUI","valueType":"string"}
error: undefined
error: undefined {"code":"ERR_HTTP_HEADERS_SENT"}
error: undefined {"code":"ERR_HTTP_HEADERS_SENT"}
error: undefined {"code":"ERR_HTTP_HEADERS_SENT"}
error: undefined {"_message":"products validation failed","errors":{"status":{"kind":"Boolean","message":"Cast to Boolean failed for value \"disponible\" (type string) at path \"status\" because of \"CastError\"","name":"CastError","path":"status","reason":{"kind":"boolean","message":"Cast to boolean failed for value \"disponible\" (type string) at path \"undefined\"","name":"CastError","stringValue":"\"disponible\"","value":"disponible","valueType":"string"},"stringValue":"\"disponible\"","value":"disponible","valueType":"string"}}}
